<?xml version="1.0" encoding="UTF-8"?>
<!-- Generated by org.testng.reporters.JUnitReportReporter -->
<testsuite skipped="0" hostname="Hackintosh.local" name="iptracker.IPTracker" tests="1" failures="0" timestamp="25 Feb 2018 20:59:02 GMT" time="12.391" errors="0">
  <testcase name="iPLocation" time="12.391" classname="iptracker.IPTracker"/>
</testsuite> <!-- iptracker.IPTracker -->
